# JRE version: Java(TM) SE Runtime Environment (7.0_45-b18) (build 1.7.0_45-b18)
# Java VM: Java HotSpot(TM) 64-Bit Server VM (24.45-b08 mixed mode linux-amd64 compressed oops)
Heap
 PSYoungGen      total 81408K, used 49019K [0x00000000eaa80000, 0x00000000f0000000, 0x0000000100000000)
  eden space 75264K, 63% used [0x00000000eaa80000,0x00000000ed963f50,0x00000000ef400000)
  from space 6144K, 16% used [0x00000000ef400000,0x00000000ef4faf08,0x00000000efa00000)
  to   space 6144K, 0% used [0x00000000efa00000,0x00000000efa00000,0x00000000f0000000)
 ParOldGen       total 175104K, used 166657K [0x00000000c0000000, 0x00000000cab00000, 0x00000000eaa80000)
  object space 175104K, 95% used [0x00000000c0000000,0x00000000ca2c0690,0x00000000cab00000)
 PSPermGen       total 171008K, used 97936K [0x00000000ac000000, 0x00000000b6700000, 0x00000000c0000000)
  object space 171008K, 57% used [0x00000000ac000000,0x00000000b1fa4088,0x00000000b6700000)
GC Heap History (10 events):
Event: 1582.977 GC heap before
{Heap before GC invocations=79 (full 2):
 PSYoungGen      total 81920K, used 79167K [0x00000000eaa80000, 0x00000000f0000000, 0x0000000100000000)
  eden space 76288K, 99% used [0x00000000eaa80000,0x00000000ef4fffe8,0x00000000ef500000)
  from space 5632K, 51% used [0x00000000efa80000,0x00000000efd50010,0x00000000f0000000)
  to   space 5632K, 0% used [0x00000000ef500000,0x00000000ef500000,0x00000000efa80000)
 ParOldGen       total 175104K, used 158707K [0x00000000c0000000, 0x00000000cab00000, 0x00000000eaa80000)
  object space 175104K, 90% used [0x00000000c0000000,0x00000000c9afcf18,0x00000000cab00000)
 PSPermGen       total 171008K, used 97915K [0x00000000ac000000, 0x00000000b6700000, 0x00000000c0000000)
  object space 171008K, 57% used [0x00000000ac000000,0x00000000b1f9ef20,0x00000000b6700000)
Event: 1582.990 GC heap after
Heap after GC invocations=79 (full 2):
 PSYoungGen      total 80384K, used 5433K [0x00000000eaa80000, 0x00000000f0080000, 0x0000000100000000)
  eden space 74752K, 0% used [0x00000000eaa80000,0x00000000eaa80000,0x00000000ef380000)
  from space 5632K, 96% used [0x00000000ef500000,0x00000000efa4e5f8,0x00000000efa80000)
  to   space 6144K, 0% used [0x00000000efa80000,0x00000000efa80000,0x00000000f0080000)
 ParOldGen       total 175104K, used 160862K [0x00000000c0000000, 0x00000000cab00000, 0x00000000eaa80000)
  object space 175104K, 91% used [0x00000000c0000000,0x00000000c9d17a50,0x00000000cab00000)
 PSPermGen       total 171008K, used 97915K [0x00000000ac000000, 0x00000000b6700000, 0x00000000c0000000)
  object space 171008K, 57% used [0x00000000ac000000,0x00000000b1f9ef20,0x00000000b6700000)
}
Event: 1588.330 GC heap before
{Heap before GC invocations=80 (full 2):
 PSYoungGen      total 80384K, used 80181K [0x00000000eaa80000, 0x00000000f0080000, 0x0000000100000000)
  eden space 74752K, 99% used [0x00000000eaa80000,0x00000000ef37f060,0x00000000ef380000)
  from space 5632K, 96% used [0x00000000ef500000,0x00000000efa4e5f8,0x00000000efa80000)
  to   space 6144K, 0% used [0x00000000efa80000,0x00000000efa80000,0x00000000f0080000)
 ParOldGen       total 175104K, used 160862K [0x00000000c0000000, 0x00000000cab00000, 0x00000000eaa80000)
  object space 175104K, 91% used [0x00000000c0000000,0x00000000c9d17a50,0x00000000cab00000)
 PSPermGen       total 171008K, used 97916K [0x00000000ac000000, 0x00000000b6700000, 0x00000000c0000000)
  object space 171008K, 57% used [0x00000000ac000000,0x00000000b1f9f038,0x00000000b6700000)
Event: 1588.336 GC heap after
Heap after GC invocations=80 (full 2):
 PSYoungGen      total 80896K, used 920K [0x00000000eaa80000, 0x00000000f0000000, 0x0000000100000000)
  eden space 75264K, 0% used [0x00000000eaa80000,0x00000000eaa80000,0x00000000ef400000)
  from space 5632K, 16% used [0x00000000efa80000,0x00000000efb662d8,0x00000000f0000000)
  to   space 6144K, 0% used [0x00000000ef400000,0x00000000ef400000,0x00000000efa00000)
 ParOldGen       total 175104K, used 165885K [0x00000000c0000000, 0x00000000cab00000, 0x00000000eaa80000)
  object space 175104K, 94% used [0x00000000c0000000,0x00000000ca1ff480,0x00000000cab00000)
 PSPermGen       total 171008K, used 97916K [0x00000000ac000000, 0x00000000b6700000, 0x00000000c0000000)
  object space 171008K, 57% used [0x00000000ac000000,0x00000000b1f9f038,0x00000000b6700000)
}
Event: 1590.917 GC heap before
{Heap before GC invocations=81 (full 2):
 PSYoungGen      total 80896K, used 76184K [0x00000000eaa80000, 0x00000000f0000000, 0x0000000100000000)
  eden space 75264K, 100% used [0x00000000eaa80000,0x00000000ef400000,0x00000000ef400000)
  from space 5632K, 16% used [0x00000000efa80000,0x00000000efb662d8,0x00000000f0000000)
  to   space 6144K, 0% used [0x00000000ef400000,0x00000000ef400000,0x00000000efa00000)
 ParOldGen       total 175104K, used 165885K [0x00000000c0000000, 0x00000000cab00000, 0x00000000eaa80000)
  object space 175104K, 94% used [0x00000000c0000000,0x00000000ca1ff480,0x00000000cab00000)
 PSPermGen       total 171008K, used 97916K [0x00000000ac000000, 0x00000000b6700000, 0x00000000c0000000)
  object space 171008K, 57% used [0x00000000ac000000,0x00000000b1f9f100,0x00000000b6700000)
Event: 1590.922 GC heap after
Heap after GC invocations=81 (full 2):
 PSYoungGen      total 81408K, used 869K [0x00000000eaa80000, 0x00000000f0000000, 0x0000000100000000)
  eden space 75264K, 0% used [0x00000000eaa80000,0x00000000eaa80000,0x00000000ef400000)
  from space 6144K, 14% used [0x00000000ef400000,0x00000000ef4d95e8,0x00000000efa00000)
  to   space 6144K, 0% used [0x00000000efa00000,0x00000000efa00000,0x00000000f0000000)
 ParOldGen       total 175104K, used 166213K [0x00000000c0000000, 0x00000000cab00000, 0x00000000eaa80000)
  object space 175104K, 94% used [0x00000000c0000000,0x00000000ca251480,0x00000000cab00000)
 PSPermGen       total 171008K, used 97916K [0x00000000ac000000, 0x00000000b6700000, 0x00000000c0000000)
  object space 171008K, 57% used [0x00000000ac000000,0x00000000b1f9f100,0x00000000b6700000)
}
Event: 1594.643 GC heap before
{Heap before GC invocations=82 (full 2):
 PSYoungGen      total 81408K, used 76133K [0x00000000eaa80000, 0x00000000f0000000, 0x0000000100000000)
  eden space 75264K, 100% used [0x00000000eaa80000,0x00000000ef400000,0x00000000ef400000)
  from space 6144K, 14% used [0x00000000ef400000,0x00000000ef4d95e8,0x00000000efa00000)
  to   space 6144K, 0% used [0x00000000efa00000,0x00000000efa00000,0x00000000f0000000)
 ParOldGen       total 175104K, used 166213K [0x00000000c0000000, 0x00000000cab00000, 0x00000000eaa80000)
  object space 175104K, 94% used [0x00000000c0000000,0x00000000ca251480,0x00000000cab00000)
 PSPermGen       total 171008K, used 97925K [0x00000000ac000000, 0x00000000b6700000, 0x00000000c0000000)
  object space 171008K, 57% used [0x00000000ac000000,0x00000000b1fa1410,0x00000000b6700000)
Event: 1594.650 GC heap after
Heap after GC invocations=82 (full 2):
 PSYoungGen      total 81408K, used 468K [0x00000000eaa80000, 0x00000000f0000000, 0x0000000100000000)
  eden space 75264K, 0% used [0x00000000eaa80000,0x00000000eaa80000,0x00000000ef400000)
  from space 6144K, 7% used [0x00000000efa00000,0x00000000efa75128,0x00000000f0000000)
  to   space 6144K, 0% used [0x00000000ef400000,0x00000000ef400000,0x00000000efa00000)
 ParOldGen       total 175104K, used 166641K [0x00000000c0000000, 0x00000000cab00000, 0x00000000eaa80000)
  object space 175104K, 95% used [0x00000000c0000000,0x00000000ca2bc690,0x00000000cab00000)
 PSPermGen       total 171008K, used 97925K [0x00000000ac000000, 0x00000000b6700000, 0x00000000c0000000)
  object space 171008K, 57% used [0x00000000ac000000,0x00000000b1fa1410,0x00000000b6700000)
}
Event: 1600.290 GC heap before
{Heap before GC invocations=83 (full 2):
 PSYoungGen      total 81408K, used 75732K [0x00000000eaa80000, 0x00000000f0000000, 0x0000000100000000)
  eden space 75264K, 100% used [0x00000000eaa80000,0x00000000ef400000,0x00000000ef400000)
  from space 6144K, 7% used [0x00000000efa00000,0x00000000efa75128,0x00000000f0000000)
  to   space 6144K, 0% used [0x00000000ef400000,0x00000000ef400000,0x00000000efa00000)
 ParOldGen       total 175104K, used 166641K [0x00000000c0000000, 0x00000000cab00000, 0x00000000eaa80000)
  object space 175104K, 95% used [0x00000000c0000000,0x00000000ca2bc690,0x00000000cab00000)
 PSPermGen       total 171008K, used 97930K [0x00000000ac000000, 0x00000000b6700000, 0x00000000c0000000)
  object space 171008K, 57% used [0x00000000ac000000,0x00000000b1fa2988,0x00000000b6700000)
Event: 1600.301 GC heap after
Heap after GC invocations=83 (full 2):
 PSYoungGen      total 81408K, used 1003K [0x00000000eaa80000, 0x00000000f0000000, 0x0000000100000000)
  eden space 75264K, 0% used [0x00000000eaa80000,0x00000000eaa80000,0x00000000ef400000)
  from space 6144K, 16% used [0x00000000ef400000,0x00000000ef4faf08,0x00000000efa00000)
  to   space 6144K, 0% used [0x00000000efa00000,0x00000000efa00000,0x00000000f0000000)
 ParOldGen       total 175104K, used 166657K [0x00000000c0000000, 0x00000000cab00000, 0x00000000eaa80000)
  object space 175104K, 95% used [0x00000000c0000000,0x00000000ca2c0690,0x00000000cab00000)
 PSPermGen       total 171008K, used 97930K [0x00000000ac000000, 0x00000000b6700000, 0x00000000c0000000)
  object space 171008K, 57% used [0x00000000ac000000,0x00000000b1fa2988,0x00000000b6700000)
}

