# JRE version: OpenJDK Runtime Environment (8.0_121-b13) (build 1.8.0_121-8u121-b13-0ubuntu1.16.04.2-b13)
# Java VM: OpenJDK 64-Bit Server VM (25.121-b13 mixed mode linux-amd64 compressed oops)
Heap:
 PSYoungGen      total 279040K, used 27030K [0x00000000d6b00000, 0x00000000e7c80000, 0x0000000100000000)
  eden space 278528K, 9% used [0x00000000d6b00000,0x00000000d8565b40,0x00000000e7b00000)
  from space 512K, 0% used [0x00000000e7b80000,0x00000000e7b80000,0x00000000e7c00000)
  to   space 512K, 0% used [0x00000000e7c00000,0x00000000e7c00000,0x00000000e7c80000)
 ParOldGen       total 125440K, used 55634K [0x0000000084000000, 0x000000008ba80000, 0x00000000d6b00000)
  object space 125440K, 44% used [0x0000000084000000,0x0000000087654aa0,0x000000008ba80000)
 Metaspace       used 99577K, capacity 106164K, committed 106584K, reserved 1142784K
  class space    used 11996K, capacity 13842K, committed 13952K, reserved 1048576K
GC Heap History (10 events):
Event: 71258.043 GC heap before
{Heap before GC invocations=2393 (full 1190):
 PSYoungGen      total 279040K, used 64K [0x00000000d6b00000, 0x00000000e7c80000, 0x0000000100000000)
  eden space 278528K, 0% used [0x00000000d6b00000,0x00000000d6b00000,0x00000000e7b00000)
  from space 512K, 12% used [0x00000000e7b80000,0x00000000e7b90000,0x00000000e7c00000)
  to   space 512K, 0% used [0x00000000e7c00000,0x00000000e7c00000,0x00000000e7c80000)
 ParOldGen       total 125440K, used 55623K [0x0000000084000000, 0x000000008ba80000, 0x00000000d6b00000)
  object space 125440K, 44% used [0x0000000084000000,0x0000000087651e08,0x000000008ba80000)
 Metaspace       used 99536K, capacity 106164K, committed 106584K, reserved 1142784K
  class space    used 11993K, capacity 13842K, committed 13952K, reserved 1048576K
Event: 71258.167 GC heap after
Heap after GC invocations=2393 (full 1190):
 PSYoungGen      total 279040K, used 0K [0x00000000d6b00000, 0x00000000e7c80000, 0x0000000100000000)
  eden space 278528K, 0% used [0x00000000d6b00000,0x00000000d6b00000,0x00000000e7b00000)
  from space 512K, 0% used [0x00000000e7b80000,0x00000000e7b80000,0x00000000e7c00000)
  to   space 512K, 0% used [0x00000000e7c00000,0x00000000e7c00000,0x00000000e7c80000)
 ParOldGen       total 125440K, used 55625K [0x0000000084000000, 0x000000008ba80000, 0x00000000d6b00000)
  object space 125440K, 44% used [0x0000000084000000,0x0000000087652700,0x000000008ba80000)
 Metaspace       used 99536K, capacity 106164K, committed 106584K, reserved 1142784K
  class space    used 11993K, capacity 13842K, committed 13952K, reserved 1048576K
}
Event: 71318.040 GC heap before
{Heap before GC invocations=2394 (full 1190):
 PSYoungGen      total 279040K, used 18038K [0x00000000d6b00000, 0x00000000e7c80000, 0x0000000100000000)
  eden space 278528K, 6% used [0x00000000d6b00000,0x00000000d7c9d9f0,0x00000000e7b00000)
  from space 512K, 0% used [0x00000000e7b80000,0x00000000e7b80000,0x00000000e7c00000)
  to   space 512K, 0% used [0x00000000e7c00000,0x00000000e7c00000,0x00000000e7c80000)
 ParOldGen       total 125440K, used 55625K [0x0000000084000000, 0x000000008ba80000, 0x00000000d6b00000)
  object space 125440K, 44% used [0x0000000084000000,0x0000000087652700,0x000000008ba80000)
 Metaspace       used 99536K, capacity 106164K, committed 106584K, reserved 1142784K
  class space    used 11993K, capacity 13842K, committed 13952K, reserved 1048576K
Event: 71318.043 GC heap after
Heap after GC invocations=2394 (full 1190):
 PSYoungGen      total 279040K, used 96K [0x00000000d6b00000, 0x00000000e7c80000, 0x0000000100000000)
  eden space 278528K, 0% used [0x00000000d6b00000,0x00000000d6b00000,0x00000000e7b00000)
  from space 512K, 18% used [0x00000000e7c00000,0x00000000e7c18000,0x00000000e7c80000)
  to   space 512K, 0% used [0x00000000e7b80000,0x00000000e7b80000,0x00000000e7c00000)
 ParOldGen       total 125440K, used 55625K [0x0000000084000000, 0x000000008ba80000, 0x00000000d6b00000)
  object space 125440K, 44% used [0x0000000084000000,0x0000000087652700,0x000000008ba80000)
 Metaspace       used 99536K, capacity 106164K, committed 106584K, reserved 1142784K
  class space    used 11993K, capacity 13842K, committed 13952K, reserved 1048576K
}
Event: 71318.043 GC heap before
{Heap before GC invocations=2395 (full 1191):
 PSYoungGen      total 279040K, used 96K [0x00000000d6b00000, 0x00000000e7c80000, 0x0000000100000000)
  eden space 278528K, 0% used [0x00000000d6b00000,0x00000000d6b00000,0x00000000e7b00000)
  from space 512K, 18% used [0x00000000e7c00000,0x00000000e7c18000,0x00000000e7c80000)
  to   space 512K, 0% used [0x00000000e7b80000,0x00000000e7b80000,0x00000000e7c00000)
 ParOldGen       total 125440K, used 55625K [0x0000000084000000, 0x000000008ba80000, 0x00000000d6b00000)
  object space 125440K, 44% used [0x0000000084000000,0x0000000087652700,0x000000008ba80000)
 Metaspace       used 99536K, capacity 106164K, committed 106584K, reserved 1142784K
  class space    used 11993K, capacity 13842K, committed 13952K, reserved 1048576K
Event: 71318.163 GC heap after
Heap after GC invocations=2395 (full 1191):
 PSYoungGen      total 279040K, used 0K [0x00000000d6b00000, 0x00000000e7c80000, 0x0000000100000000)
  eden space 278528K, 0% used [0x00000000d6b00000,0x00000000d6b00000,0x00000000e7b00000)
  from space 512K, 0% used [0x00000000e7c00000,0x00000000e7c00000,0x00000000e7c80000)
  to   space 512K, 0% used [0x00000000e7b80000,0x00000000e7b80000,0x00000000e7c00000)
 ParOldGen       total 125440K, used 55630K [0x0000000084000000, 0x000000008ba80000, 0x00000000d6b00000)
  object space 125440K, 44% used [0x0000000084000000,0x00000000876539e8,0x000000008ba80000)
 Metaspace       used 99536K, capacity 106164K, committed 106584K, reserved 1142784K
  class space    used 11993K, capacity 13842K, committed 13952K, reserved 1048576K
}
Event: 71378.041 GC heap before
{Heap before GC invocations=2396 (full 1191):
 PSYoungGen      total 279040K, used 15253K [0x00000000d6b00000, 0x00000000e7c80000, 0x0000000100000000)
  eden space 278528K, 5% used [0x00000000d6b00000,0x00000000d79e5578,0x00000000e7b00000)
  from space 512K, 0% used [0x00000000e7c00000,0x00000000e7c00000,0x00000000e7c80000)
  to   space 512K, 0% used [0x00000000e7b80000,0x00000000e7b80000,0x00000000e7c00000)
 ParOldGen       total 125440K, used 55630K [0x0000000084000000, 0x000000008ba80000, 0x00000000d6b00000)
  object space 125440K, 44% used [0x0000000084000000,0x00000000876539e8,0x000000008ba80000)
 Metaspace       used 99536K, capacity 106164K, committed 106584K, reserved 1142784K
  class space    used 11993K, capacity 13842K, committed 13952K, reserved 1048576K
Event: 71378.044 GC heap after
Heap after GC invocations=2396 (full 1191):
 PSYoungGen      total 279040K, used 64K [0x00000000d6b00000, 0x00000000e7c80000, 0x0000000100000000)
  eden space 278528K, 0% used [0x00000000d6b00000,0x00000000d6b00000,0x00000000e7b00000)
  from space 512K, 12% used [0x00000000e7b80000,0x00000000e7b90000,0x00000000e7c00000)
  to   space 512K, 0% used [0x00000000e7c00000,0x00000000e7c00000,0x00000000e7c80000)
 ParOldGen       total 125440K, used 55630K [0x0000000084000000, 0x000000008ba80000, 0x00000000d6b00000)
  object space 125440K, 44% used [0x0000000084000000,0x00000000876539e8,0x000000008ba80000)
 Metaspace       used 99536K, capacity 106164K, committed 106584K, reserved 1142784K
  class space    used 11993K, capacity 13842K, committed 13952K, reserved 1048576K
}
Event: 71378.044 GC heap before
{Heap before GC invocations=2397 (full 1192):
 PSYoungGen      total 279040K, used 64K [0x00000000d6b00000, 0x00000000e7c80000, 0x0000000100000000)
  eden space 278528K, 0% used [0x00000000d6b00000,0x00000000d6b00000,0x00000000e7b00000)
  from space 512K, 12% used [0x00000000e7b80000,0x00000000e7b90000,0x00000000e7c00000)
  to   space 512K, 0% used [0x00000000e7c00000,0x00000000e7c00000,0x00000000e7c80000)
 ParOldGen       total 125440K, used 55630K [0x0000000084000000, 0x000000008ba80000, 0x00000000d6b00000)
  object space 125440K, 44% used [0x0000000084000000,0x00000000876539e8,0x000000008ba80000)
 Metaspace       used 99536K, capacity 106164K, committed 106584K, reserved 1142784K
  class space    used 11993K, capacity 13842K, committed 13952K, reserved 1048576K
Event: 71378.161 GC heap after
Heap after GC invocations=2397 (full 1192):
 PSYoungGen      total 279040K, used 0K [0x00000000d6b00000, 0x00000000e7c80000, 0x0000000100000000)
  eden space 278528K, 0% used [0x00000000d6b00000,0x00000000d6b00000,0x00000000e7b00000)
  from space 512K, 0% used [0x00000000e7b80000,0x00000000e7b80000,0x00000000e7c00000)
  to   space 512K, 0% used [0x00000000e7c00000,0x00000000e7c00000,0x00000000e7c80000)
 ParOldGen       total 125440K, used 55634K [0x0000000084000000, 0x000000008ba80000, 0x00000000d6b00000)
  object space 125440K, 44% used [0x0000000084000000,0x0000000087654aa0,0x000000008ba80000)
 Metaspace       used 99536K, capacity 106164K, committed 106584K, reserved 1142784K
  class space    used 11993K, capacity 13842K, committed 13952K, reserved 1048576K
}

